INFO    : Building target web
INFO    : XSL conversion of C:\Users\lclem\OneDrive\Documents\GitHub\CASTtext\CAST\source\main.ptx by C:\Users\lclem\.ptx\2.36.0\core\xsl\utilities\pretext-enhanced-source.xsl
INFO    : successful application of C:\Users\lclem\.ptx\2.36.0\core\xsl\utilities\pretext-enhanced-source.xsl
INFO    : Generating any needed assets.
INFO    : Finished generating assets.

INFO    : Preparing to build into C:\Users\lclem\OneDrive\Documents\GitHub\CASTtext\CAST\output\web.
WARNING : Node version must be at least 18 to build CSS files.  Please update node.js and npm.
 Will try to use prebuilt CSS files instead.
INFO    : discovering source file's directory name: C:\Users\lclem\OneDrive\Documents\GitHub\CASTtext\CAST\source
INFO    : verifying and expanding input directory: C:\Users\lclem\OneDrive\Documents\GitHub\CASTtext\CAST\source\../generated-assets
INFO    : input directory expanded to absolute path: C:\Users\lclem\OneDrive\Documents\GitHub\CASTtext\CAST\generated-assets
INFO    : verifying and expanding input directory: C:\Users\lclem\OneDrive\Documents\GitHub\CASTtext\CAST\source\../assets
INFO    : input directory expanded to absolute path: C:\Users\lclem\OneDrive\Documents\GitHub\CASTtext\CAST\assets
INFO    : discovering source file's directory name: C:\Users\lclem\OneDrive\Documents\GitHub\CASTtext\CAST\source
INFO    : XSL conversion of C:\Users\lclem\OneDrive\Documents\GitHub\CASTtext\CAST\source\main.ptx by C:\Users\lclem\.ptx\2.36.0\core\xsl\utilities\report-publisher-variables.xsl
INFO    : successful application of C:\Users\lclem\.ptx\2.36.0\core\xsl\utilities\report-publisher-variables.xsl
INFO    : Downloading rs services file from https://runestone.academy/cdn/runestone/latest/webpack_static_imports.xml.
INFO    : Runestone Services via online CDN query: version 7.11.10
INFO    : Downloading Runestone Services, version 7.11.10
INFO    : Extracting Runestone Services from archive file
INFO    : CSSBuilder packages not installed. Relying on prebuilt default-modern. To fix this, run 'npm install' in the pretext/script/cssbuilder directory. https://pretextbook.org/doc/guide/html/node-and-npm.html
INFO    : Using prebuilt CSS theme: default-modern with options: {'options': {'primary-color': '#195684', 'secondary-color': '#932c1c'}, 'contrast-checks': {'primary-color': '#fff', 'secondary-color': '#fff', 'primary-color-dark': '#23241f'}}
INFO    : converting C:\Users\lclem\OneDrive\Documents\GitHub\CASTtext\CAST\source\main.ptx to HTML in C:\Users\lclem\AppData\Local\Temp\ptx-2z4u1t8z
INFO    : XSL conversion of C:\Users\lclem\OneDrive\Documents\GitHub\CASTtext\CAST\source\main.ptx by C:\Users\lclem\.ptx\2.36.0\core\xsl\pretext-html.xsl
INFO    : messages from the log for XSL processing:
INFO    : * PTX:INFO:   checking all deprecated elements.
INFO    : successful application of C:\Users\lclem\.ptx\2.36.0\core\xsl\pretext-html.xsl
INFO    : Removing temporary directory C:\Users\lclem\AppData\Local\Temp\ptx-2z4u1t8z
ERROR   : Unable to release temporary directories.  Please report this error to pretext-support
INFO    : 
Finished build for target web. Run `pretext view web` to see the results.

CRITICAL: There were errors during the build.  See above.
INFO    : ------------------------
CRITICAL: Failed to build without errors.  Exiting...
INFO    : 
----------------------------------------------------
INFO    : While running pretext, the following errors occurred:

INFO    : (see log messages above or in the 'logs' folder for more information)
INFO    : ----------------------------------------------------
